<?xml version="1.0" encoding="UTF-8"?>
<!-- Generated by org.testng.reporters.JUnitXMLReporter -->
<testsuite ignored="0" hostname="TYSS-Chaithra" failures="0" tests="1" name="Test-Runner-2" time="49.959" errors="0" timestamp="2023-10-11T20:24:52 IST">
  <testcase classname="contactsTests.CreateContact" name="createContact" time="27.357"/>
</testsuite> <!-- Test-Runner-2 -->
