<?xml version="1.0" encoding="UTF-8"?>
<!-- Generated by org.testng.reporters.JUnitXMLReporter -->
<testsuite ignored="0" hostname="TYSS-Chaithra" failures="0" tests="1" name="Test-Runner-Edge" time="37.593" errors="0" timestamp="2023-10-13T19:42:10 IST">
  <testcase classname="contactsTests.CreateContact" name="createContact" time="19.344"/>
</testsuite> <!-- Test-Runner-Edge -->
