<?xml version="1.0" encoding="UTF-8"?>
<!-- Generated by org.testng.reporters.JUnitReportReporter -->
<testsuite hostname="TYSS-Chaithra" failures="0" tests="1" name="contactsTests.CreateContactWithOrganizationTest" time="23.602" errors="0" timestamp="2023-10-17T20:29:39 IST" skipped="0">
  <testcase classname="contactsTests.CreateContactWithOrganizationTest" name="createContactWithOrgTest" time="23.602"/>
  <system-out/>
</testsuite> <!-- contactsTests.CreateContactWithOrganizationTest -->
